<?xml version="1.0" encoding="UTF-8"?>
<!-- Generated by org.testng.reporters.JUnitXMLReporter -->
<testsuite ignored="0" hostname="DESKTOP-FKF169D" failures="0" tests="4" name="ChromeTest" time="52.114" errors="0" timestamp="2022-08-10T14:55:53 IST">
  <testcase classname="com.sauceDemo.TestClasses.TC_004TestNGLogoutFunctionality" name="logoutfunctionality" time="0.377"/>
  <testcase classname="com.sauceDemo.TestClasses.TC_002PracticeTestNGSingleProductAddtoCart" name="verifysingleproductaddtocart" time="4.689"/>
  <testcase classname="com.sauceDemo.TestClasses.TC003PracticeTestNGMultipleProductAddtoCart" name="verifymultipleproductaddtocart" time="8.891"/>
  <testcase classname="com.sauceDemo.TestClasses.TC_001PracticeTestNGLoginFunctionality" name="loginfunctionality" time="0.021"/>
</testsuite> <!-- ChromeTest -->
