<?xml version="1.0" encoding="UTF-8"?>
<!-- Generated by org.testng.reporters.JUnitXMLReporter -->
<testsuite ignored="0" hostname="DESKTOP-FKF169D" failures="0" tests="4" name="Test" time="176.986" errors="0" timestamp="2022-08-09T15:19:37 IST">
  <testcase classname="com.sauceDemo.TestClasses.TC_004TestNGLogoutFunctionality" name="logoutfunctionality" time="0.186"/>
  <testcase classname="com.sauceDemo.TestClasses.TC_001PracticeTestNGLoginFunctionality" name="loginfunctionality" time="0.342"/>
  <testcase classname="com.sauceDemo.TestClasses.TC_002PracticeTestNGSingleProductAddtoCart" name="verifysingleproductaddtocart" time="8.674"/>
  <testcase classname="com.sauceDemo.TestClasses.TC003PracticeTestNGMultipleProductAddtoCart" name="verifymultipleproductaddtocart" time="15.917"/>
</testsuite> <!-- Test -->
