<?xml version="1.0" encoding="UTF-8"?>
<testng-results ignored="0" total="4" passed="4" failed="0" skipped="0">
  <reporter-output>
  </reporter-output>
  <suite started-at="2022-08-10T14:55:00 IST" name="Suite" finished-at="2022-08-10T14:55:52 IST" duration-ms="52114">
    <groups>
    </groups>
    <test started-at="2022-08-10T14:55:00 IST" name="ChromeTest" finished-at="2022-08-10T14:55:52 IST" duration-ms="52114">
      <class name="com.sauceDemo.TestClasses.TC_002PracticeTestNGSingleProductAddtoCart">
        <test-method is-config="true" signature="setUp(java.lang.String)[pri:0, instance:com.sauceDemo.TestClasses.TC_002PracticeTestNGSingleProductAddtoCart@74751b3]" started-at="2022-08-10T14:55:00 IST" name="setUp" finished-at="2022-08-10T14:55:43 IST" duration-ms="42605" status="PASS">
          <params>
            <param index="0">
              <value>
                <![CDATA[chrome]]>
              </value>
            </param>
          </params>
          <reporter-output>
          </reporter-output>
        </test-method> <!-- setUp -->
        <test-method signature="verifysingleproductaddtocart()[pri:0, instance:com.sauceDemo.TestClasses.TC_002PracticeTestNGSingleProductAddtoCart@74751b3]" started-at="2022-08-10T14:55:43 IST" name="verifysingleproductaddtocart" finished-at="2022-08-10T14:55:48 IST" duration-ms="4689" status="PASS">
          <reporter-output>
          </reporter-output>
        </test-method> <!-- verifysingleproductaddtocart -->
        <test-method is-config="true" signature="teardown()[pri:0, instance:com.sauceDemo.TestClasses.TC_002PracticeTestNGSingleProductAddtoCart@74751b3]" started-at="2022-08-10T14:55:48 IST" name="teardown" finished-at="2022-08-10T14:55:52 IST" duration-ms="4738" status="PASS">
          <reporter-output>
          </reporter-output>
        </test-method> <!-- teardown -->
      </class> <!-- com.sauceDemo.TestClasses.TC_002PracticeTestNGSingleProductAddtoCart -->
      <class name="com.sauceDemo.TestClasses.TC_001PracticeTestNGLoginFunctionality">
        <test-method is-config="true" signature="setUp(java.lang.String)[pri:0, instance:com.sauceDemo.TestClasses.TC_001PracticeTestNGLoginFunctionality@741a8937]" started-at="2022-08-10T14:55:00 IST" name="setUp" finished-at="2022-08-10T14:55:51 IST" duration-ms="50892" status="PASS">
          <params>
            <param index="0">
              <value>
                <![CDATA[chrome]]>
              </value>
            </param>
          </params>
          <reporter-output>
          </reporter-output>
        </test-method> <!-- setUp -->
        <test-method signature="loginfunctionality()[pri:0, instance:com.sauceDemo.TestClasses.TC_001PracticeTestNGLoginFunctionality@741a8937]" started-at="2022-08-10T14:55:51 IST" name="loginfunctionality" finished-at="2022-08-10T14:55:51 IST" duration-ms="21" status="PASS">
          <reporter-output>
          </reporter-output>
        </test-method> <!-- loginfunctionality -->
        <test-method is-config="true" signature="teardown()[pri:0, instance:com.sauceDemo.TestClasses.TC_001PracticeTestNGLoginFunctionality@741a8937]" started-at="2022-08-10T14:55:51 IST" name="teardown" finished-at="2022-08-10T14:55:52 IST" duration-ms="1120" status="PASS">
          <reporter-output>
          </reporter-output>
        </test-method> <!-- teardown -->
      </class> <!-- com.sauceDemo.TestClasses.TC_001PracticeTestNGLoginFunctionality -->
      <class name="com.sauceDemo.TestClasses.TC_004TestNGLogoutFunctionality">
        <test-method is-config="true" signature="setUp(java.lang.String)[pri:0, instance:com.sauceDemo.TestClasses.TC_004TestNGLogoutFunctionality@58d75e99]" started-at="2022-08-10T14:55:00 IST" name="setUp" finished-at="2022-08-10T14:55:43 IST" duration-ms="42606" status="PASS">
          <params>
            <param index="0">
              <value>
                <![CDATA[chrome]]>
              </value>
            </param>
          </params>
          <reporter-output>
          </reporter-output>
        </test-method> <!-- setUp -->
        <test-method signature="logoutfunctionality()[pri:0, instance:com.sauceDemo.TestClasses.TC_004TestNGLogoutFunctionality@58d75e99]" started-at="2022-08-10T14:55:43 IST" name="logoutfunctionality" finished-at="2022-08-10T14:55:43 IST" duration-ms="377" status="PASS">
          <reporter-output>
          </reporter-output>
        </test-method> <!-- logoutfunctionality -->
        <test-method is-config="true" signature="teardown()[pri:0, instance:com.sauceDemo.TestClasses.TC_004TestNGLogoutFunctionality@58d75e99]" started-at="2022-08-10T14:55:44 IST" name="teardown" finished-at="2022-08-10T14:55:52 IST" duration-ms="8681" status="PASS">
          <reporter-output>
          </reporter-output>
        </test-method> <!-- teardown -->
      </class> <!-- com.sauceDemo.TestClasses.TC_004TestNGLogoutFunctionality -->
      <class name="com.sauceDemo.TestClasses.TC003PracticeTestNGMultipleProductAddtoCart">
        <test-method is-config="true" signature="setUp(java.lang.String)[pri:0, instance:com.sauceDemo.TestClasses.TC003PracticeTestNGMultipleProductAddtoCart@306e95ec]" started-at="2022-08-10T14:55:00 IST" name="setUp" finished-at="2022-08-10T14:55:42 IST" duration-ms="41957" status="PASS">
          <params>
            <param index="0">
              <value>
                <![CDATA[chrome]]>
              </value>
            </param>
          </params>
          <reporter-output>
          </reporter-output>
        </test-method> <!-- setUp -->
        <test-method signature="verifymultipleproductaddtocart()[pri:0, instance:com.sauceDemo.TestClasses.TC003PracticeTestNGMultipleProductAddtoCart@306e95ec]" started-at="2022-08-10T14:55:42 IST" name="verifymultipleproductaddtocart" finished-at="2022-08-10T14:55:51 IST" duration-ms="8891" status="PASS">
          <reporter-output>
          </reporter-output>
        </test-method> <!-- verifymultipleproductaddtocart -->
        <test-method is-config="true" signature="teardown()[pri:0, instance:com.sauceDemo.TestClasses.TC003PracticeTestNGMultipleProductAddtoCart@306e95ec]" started-at="2022-08-10T14:55:51 IST" name="teardown" finished-at="2022-08-10T14:55:52 IST" duration-ms="1182" status="PASS">
          <reporter-output>
          </reporter-output>
        </test-method> <!-- teardown -->
      </class> <!-- com.sauceDemo.TestClasses.TC003PracticeTestNGMultipleProductAddtoCart -->
    </test> <!-- ChromeTest -->
  </suite> <!-- Suite -->
</testng-results>
